# JRE version: Java(TM) SE Runtime Environment (8.0_281-b09) (build 1.8.0_281-b09)
# Java VM: Java HotSpot(TM) 64-Bit Server VM (25.281-b09 mixed mode windows-amd64 compressed oops)
Heap:
 PSYoungGen      total 132608K, used 68605K [0x0000000780780000, 0x0000000789300000, 0x00000007c0000000)
  eden space 122368K, 56% used [0x0000000780780000,0x0000000784a7f6b0,0x0000000787f00000)
  from space 10240K, 0% used [0x0000000788900000,0x0000000788900000,0x0000000789300000)
  to   space 10240K, 19% used [0x0000000787f00000,0x00000007880f0000,0x0000000788900000)
 ParOldGen       total 110592K, used 14953K [0x0000000701600000, 0x0000000708200000, 0x0000000780780000)
  object space 110592K, 13% used [0x0000000701600000,0x000000070249a4d8,0x0000000708200000)
 Metaspace       used 40058K, capacity 42694K, committed 42968K, reserved 1087488K
  class space    used 4975K, capacity 5537K, committed 5592K, reserved 1048576K
GC Heap History (10 events):
Event: 635.925 GC heap after
Heap after GC invocations=20 (full 6):
 PSYoungGen      total 133120K, used 0K [0x0000000780780000, 0x0000000789400000, 0x00000007c0000000)
  eden space 122368K, 0% used [0x0000000780780000,0x0000000780780000,0x0000000787f00000)
  from space 10752K, 0% used [0x0000000788980000,0x0000000788980000,0x0000000789400000)
  to   space 10752K, 0% used [0x0000000787f00000,0x0000000787f00000,0x0000000788980000)
 ParOldGen       total 110592K, used 13421K [0x0000000701600000, 0x0000000708200000, 0x0000000780780000)
  object space 110592K, 12% used [0x0000000701600000,0x000000070231b7e0,0x0000000708200000)
 Metaspace       used 39088K, capacity 41562K, committed 41816K, reserved 1085440K
  class space    used 4899K, capacity 5389K, committed 5464K, reserved 1048576K
}
Event: 703.211 GC heap before
{Heap before GC invocations=21 (full 6):
 PSYoungGen      total 133120K, used 67219K [0x0000000780780000, 0x0000000789400000, 0x00000007c0000000)
  eden space 122368K, 54% used [0x0000000780780000,0x0000000784924ed8,0x0000000787f00000)
  from space 10752K, 0% used [0x0000000788980000,0x0000000788980000,0x0000000789400000)
  to   space 10752K, 0% used [0x0000000787f00000,0x0000000787f00000,0x0000000788980000)
 ParOldGen       total 110592K, used 13421K [0x0000000701600000, 0x0000000708200000, 0x0000000780780000)
  object space 110592K, 12% used [0x0000000701600000,0x000000070231b7e0,0x0000000708200000)
 Metaspace       used 39423K, capacity 41982K, committed 42072K, reserved 1085440K
  class space    used 4917K, capacity 5434K, committed 5464K, reserved 1048576K
Event: 703.218 GC heap after
Heap after GC invocations=21 (full 6):
 PSYoungGen      total 125440K, used 3021K [0x0000000780780000, 0x0000000789300000, 0x00000007c0000000)
  eden space 122368K, 0% used [0x0000000780780000,0x0000000780780000,0x0000000787f00000)
  from space 3072K, 98% used [0x0000000787f00000,0x00000007881f34a0,0x0000000788200000)
  to   space 10240K, 0% used [0x0000000788900000,0x0000000788900000,0x0000000789300000)
 ParOldGen       total 110592K, used 13429K [0x0000000701600000, 0x0000000708200000, 0x0000000780780000)
  object space 110592K, 12% used [0x0000000701600000,0x000000070231d7e0,0x0000000708200000)
 Metaspace       used 39423K, capacity 41982K, committed 42072K, reserved 1085440K
  class space    used 4917K, capacity 5434K, committed 5464K, reserved 1048576K
}
Event: 703.218 GC heap before
{Heap before GC invocations=22 (full 7):
 PSYoungGen      total 125440K, used 3021K [0x0000000780780000, 0x0000000789300000, 0x00000007c0000000)
  eden space 122368K, 0% used [0x0000000780780000,0x0000000780780000,0x0000000787f00000)
  from space 3072K, 98% used [0x0000000787f00000,0x00000007881f34a0,0x0000000788200000)
  to   space 10240K, 0% used [0x0000000788900000,0x0000000788900000,0x0000000789300000)
 ParOldGen       total 110592K, used 13429K [0x0000000701600000, 0x0000000708200000, 0x0000000780780000)
  object space 110592K, 12% used [0x0000000701600000,0x000000070231d7e0,0x0000000708200000)
 Metaspace       used 39423K, capacity 41982K, committed 42072K, reserved 1085440K
  class space    used 4917K, capacity 5434K, committed 5464K, reserved 1048576K
Event: 703.313 GC heap after
Heap after GC invocations=22 (full 7):
 PSYoungGen      total 125440K, used 0K [0x0000000780780000, 0x0000000789300000, 0x00000007c0000000)
  eden space 122368K, 0% used [0x0000000780780000,0x0000000780780000,0x0000000787f00000)
  from space 3072K, 0% used [0x0000000787f00000,0x0000000787f00000,0x0000000788200000)
  to   space 10240K, 0% used [0x0000000788900000,0x0000000788900000,0x0000000789300000)
 ParOldGen       total 110592K, used 13713K [0x0000000701600000, 0x0000000708200000, 0x0000000780780000)
  object space 110592K, 12% used [0x0000000701600000,0x0000000702364528,0x0000000708200000)
 Metaspace       used 39413K, capacity 41964K, committed 42072K, reserved 1085440K
  class space    used 4916K, capacity 5430K, committed 5464K, reserved 1048576K
}
Event: 729.434 GC heap before
{Heap before GC invocations=23 (full 7):
 PSYoungGen      total 125440K, used 63072K [0x0000000780780000, 0x0000000789300000, 0x00000007c0000000)
  eden space 122368K, 51% used [0x0000000780780000,0x0000000784518000,0x0000000787f00000)
  from space 3072K, 0% used [0x0000000787f00000,0x0000000787f00000,0x0000000788200000)
  to   space 10240K, 0% used [0x0000000788900000,0x0000000788900000,0x0000000789300000)
 ParOldGen       total 110592K, used 13713K [0x0000000701600000, 0x0000000708200000, 0x0000000780780000)
  object space 110592K, 12% used [0x0000000701600000,0x0000000702364528,0x0000000708200000)
 Metaspace       used 39669K, capacity 42334K, committed 42456K, reserved 1085440K
  class space    used 4941K, capacity 5490K, committed 5592K, reserved 1048576K
Event: 729.439 GC heap after
Heap after GC invocations=23 (full 7):
 PSYoungGen      total 132608K, used 2749K [0x0000000780780000, 0x0000000789300000, 0x00000007c0000000)
  eden space 122368K, 0% used [0x0000000780780000,0x0000000780780000,0x0000000787f00000)
  from space 10240K, 26% used [0x0000000788900000,0x0000000788baf470,0x0000000789300000)
  to   space 10240K, 0% used [0x0000000787f00000,0x0000000787f00000,0x0000000788900000)
 ParOldGen       total 110592K, used 13721K [0x0000000701600000, 0x0000000708200000, 0x0000000780780000)
  object space 110592K, 12% used [0x0000000701600000,0x0000000702366528,0x0000000708200000)
 Metaspace       used 39669K, capacity 42334K, committed 42456K, reserved 1085440K
  class space    used 4941K, capacity 5490K, committed 5592K, reserved 1048576K
}
Event: 729.439 GC heap before
{Heap before GC invocations=24 (full 8):
 PSYoungGen      total 132608K, used 2749K [0x0000000780780000, 0x0000000789300000, 0x00000007c0000000)
  eden space 122368K, 0% used [0x0000000780780000,0x0000000780780000,0x0000000787f00000)
  from space 10240K, 26% used [0x0000000788900000,0x0000000788baf470,0x0000000789300000)
  to   space 10240K, 0% used [0x0000000787f00000,0x0000000787f00000,0x0000000788900000)
 ParOldGen       total 110592K, used 13721K [0x0000000701600000, 0x0000000708200000, 0x0000000780780000)
  object space 110592K, 12% used [0x0000000701600000,0x0000000702366528,0x0000000708200000)
 Metaspace       used 39669K, capacity 42334K, committed 42456K, reserved 1085440K
  class space    used 4941K, capacity 5490K, committed 5592K, reserved 1048576K
Event: 729.589 GC heap after
Heap after GC invocations=24 (full 8):
 PSYoungGen      total 132608K, used 0K [0x0000000780780000, 0x0000000789300000, 0x00000007c0000000)
  eden space 122368K, 0% used [0x0000000780780000,0x0000000780780000,0x0000000787f00000)
  from space 10240K, 0% used [0x0000000788900000,0x0000000788900000,0x0000000789300000)
  to   space 10240K, 0% used [0x0000000787f00000,0x0000000787f00000,0x0000000788900000)
 ParOldGen       total 110592K, used 14945K [0x0000000701600000, 0x0000000708200000, 0x0000000780780000)
  object space 110592K, 13% used [0x0000000701600000,0x00000007024984d8,0x0000000708200000)
 Metaspace       used 39661K, capacity 42322K, committed 42456K, reserved 1085440K
  class space    used 4940K, capacity 5488K, committed 5592K, reserved 1048576K
}
Event: 799.206 GC heap before
{Heap before GC invocations=25 (full 8):
 PSYoungGen      total 132608K, used 68605K [0x0000000780780000, 0x0000000789300000, 0x00000007c0000000)
  eden space 122368K, 56% used [0x0000000780780000,0x0000000784a7f5b8,0x0000000787f00000)
  from space 10240K, 0% used [0x0000000788900000,0x0000000788900000,0x0000000789300000)
  to   space 10240K, 0% used [0x0000000787f00000,0x0000000787f00000,0x0000000788900000)
 ParOldGen       total 110592K, used 14945K [0x0000000701600000, 0x0000000708200000, 0x0000000780780000)
  object space 110592K, 13% used [0x0000000701600000,0x00000007024984d8,0x0000000708200000)
 Metaspace       used 40058K, capacity 42694K, committed 42968K, reserved 1087488K
  class space    used 4975K, capacity 5537K, committed 5592K, reserved 1048576K

